<?xml version="1.0" encoding="UTF-8"?>
<testng-results ignored="0" total="1" passed="1" failed="0" skipped="0">
  <reporter-output>
  </reporter-output>
  <suite started-at="2022-01-15T12:05:28 IST" name="Default suite" finished-at="2022-01-15T12:05:35 IST" duration-ms="6961">
    <groups>
    </groups>
    <test started-at="2022-01-15T12:05:28 IST" name="Default test" finished-at="2022-01-15T12:05:35 IST" duration-ms="6961">
      <class name="sampl1_1.TestCase_1">
        <test-method signature="open()[pri:0, instance:sampl1_1.TestCase_1@66d3eec0]" started-at="2022-01-15T12:05:28 IST" name="open" finished-at="2022-01-15T12:05:35 IST" duration-ms="6924" status="PASS">
          <reporter-output>
          </reporter-output>
        </test-method> <!-- open -->
      </class> <!-- sampl1_1.TestCase_1 -->
    </test> <!-- Default test -->
  </suite> <!-- Default suite -->
</testng-results>
